<?xml version="1.0" encoding="UTF-8"?>
<!-- Generated by org.testng.reporters.JUnitXMLReporter -->
<testsuite ignored="0" hostname="QT-INBG-LT0350" failures="0" tests="10" name="Default test" time="11.394" errors="0" timestamp="2022-06-16T20:20:28 IST">
  <testcase classname="mobileWorld.AllMobiles" name="launchBrowser" time="6.914"/>
  <testcase classname="mobileWorld.AllMobiles" name="allMobiles" time="1.188"/>
  <testcase classname="mobileWorld.AllMobiles" name="searchLenovo" time="0.156"/>
  <testcase classname="mobileWorld.AllMobiles" name="searchSamsung" time="0.112"/>
  <testcase classname="mobileWorld.AllMobiles" name="wrongApple" time="0.109"/>
  <testcase classname="mobileWorld.AllMobiles" name="wrongSamsung" time="0.09"/>
  <testcase classname="mobileWorld.AllMobiles" name="twoCharacter" time="0.096"/>
  <testcase classname="mobileWorld.AllMobiles" name="InvalidMob" time="0.074"/>
  <testcase classname="mobileWorld.AllMobiles" name="order" time="2.168"/>
  <testcase classname="mobileWorld.AllMobiles" name="courseVerify" time="0.432"/>
</testsuite> <!-- Default test -->
